<?xml version="1.0" encoding="UTF-8" ?>
<testsuite tests="8" failures="0" name="stepDefinitions.TestRunner" time="0.011" errors="0" skipped="0">
  <properties>
[...]
</properties>
  <testcase classname="Scenario: test login page elements" name="Given I am Facebook chrome user" time="0.006"/>
  <testcase classname="Scenario: test login page elements" name="When I access facebook url" time="0"/>
  <testcase classname="Scenario: test login page elements" name="Then I see facebook login page" time="0"/>
  <testcase classname="Scenario: test login page elements" name="Scenario: test login page elements" time="0.002"/>
  <testcase classname="Scenario: Santander opening the windows" name="Given I am Santander chrome user" time="0"/>
  <testcase classname="Scenario: Santander opening the windows" name="When I access santander" time="0"/>
  <testcase classname="Scenario: Santander opening the windows" name="Then I see Multiple windows" time="0"/>
  <testcase classname="Scenario: Santander opening the windows" name="Scenario: Santander opening the windows" time="0.003"/>
</testsuite>